Arguments: 
  E:\Program Files\nodejs\node.exe C:\Users\Sanjeev\AppData\Roaming\npm\node_modules\yarn\bin\yarn.js install

PATH: 
  C:\Users\Sanjeev\bin;C:\Program Files\Git\mingw64\bin;C:\Program Files\Git\usr\local\bin;C:\Program Files\Git\usr\bin;C:\Program Files\Git\usr\bin;C:\Program Files\Git\mingw64\bin;C:\Program Files\Git\usr\bin;C:\Users\Sanjeev\bin;C:\Program Files (x86)\Microsoft SDKs\Azure\CLI2\wbin;C:\ProgramData\Oracle\Java\javapath;C:\Program Files (x86)\Intel\iCLS Client;C:\Program Files\Intel\iCLS Client;C:\WINDOWS\system32;C:\WINDOWS;C:\WINDOWS\System32\Wbem;C:\WINDOWS\System32\WindowsPowerShell\v1.0;C:\Program Files\Intel\Intel(R) Management Engine Components\DAL;C:\Program Files (x86)\Intel\Intel(R) Management Engine Components\DAL;C:\Program Files\Intel\Intel(R) Management Engine Components\IPT;C:\Program Files (x86)\Intel\Intel(R) Management Engine Components\IPT;C:\Program Files\Intel\WiFi\bin;C:\Program Files\Common Files\Intel\WirelessCommon;C:\Program Files\Java\jdk1.8.0_60\bin;C:\Users\Sanjeev\AppData\Local\Android\sdk\tools;C:\Users\Sanjeev\AppData\Local\Android\sdk\platform-tools;C:\Program Files (x86)\Windows Live\Shared;C:\Users\Sanjeev\AppData\Roaming\npm;C:\apache-ant-1.9.6\bin;C:\adb;E:\programs\Python;C:\WINDOWS\Sy;%SystemRoot%\system32;%SystemRoot%;%SystemRoot%\System32\Wbem;%SYSTEMROOT%\System32\WindowsPowerShell\v1.0;%SYSTEMROOT%\System32\OpenSSH;C:\RailsInstaller\Git\cmd;C:\RailsInstaller\Ruby2.2.0\bin;C:\apache-ant-1.9.6\bin;C:\Program Files (x86)\GNU Tools ARM Embedded\4.8 2014q1\bin;C:\Users\Sanjeev\AppData\Roaming\flynn\bin;E:\sanjeev\work\Mobillor\apache-maven-3.3.9-bin\apache-maven-3.3.9\bin;C:\Users\Sanjeev\AppData\Local\Microsoft\WindowsApps;E:\Program Files\Geth;E:\Program Files\Docker Toolbox;E:\sanjeev\work\cloud;E:\Program Files\nodejs;C:\Users\Sanjeev\AppData\Roaming\npm;C:\Users\Sanjeev\go\bin;C:\Users\Sanjeev\AppData\Local\Programs\Microsoft VS Code\bin;C:\Program Files\Git\usr\bin\vendor_perl;C:\Program Files\Git\usr\bin\core_perl

Yarn version: 
  1.22.17

Node version: 
  8.11.3

Platform: 
  win32 x64

Trace: 
  Error: https://registry.yarnpkg.com/rxjs/-/rxjs-7.5.2.tgz: ESOCKETTIMEDOUT
      at ClientRequest.<anonymous> (C:\Users\Sanjeev\AppData\Roaming\npm\node_modules\yarn\lib\cli.js:141510:19)
      at Object.onceWrapper (events.js:313:30)
      at emitNone (events.js:106:13)
      at ClientRequest.emit (events.js:208:7)
      at TLSSocket.emitTimeout (_http_client.js:706:34)
      at Object.onceWrapper (events.js:313:30)
      at emitNone (events.js:106:13)
      at TLSSocket.emit (events.js:208:7)
      at TLSSocket.Socket._onTimeout (net.js:410:8)
      at ontimeout (timers.js:498:11)

npm manifest: 
  {
    "name": "cra-template",
    "version": "1.0.0",
    "scripts": {
      "build": "react-app-rewired build",
      "start": "react-app-rewired start",
      "test": "react-app-rewired test --colors",
      "coverage": "react-app-rewired test --coverage",
      "precommit": "lint-staged"
    },
    "lint-staged": {
      "src/{**/*,*}/*.{ts,tsx}": [
        "cross-env CI=true react-scripts test --colors --findRelatedTests"
      ]
    },
    "jest": {
      "collectCoverageFrom": [
        "src/**/*.ts?(x)",
        "!**/*.d.ts?(x)",
        "!**/*.stories.ts?(x)",
        "!**/__*__/**"
      ]
    },
    "browserslist": {
      "production": [
        "chrome > 60",
        "firefox > 60",
        "safari > 12"
      ],
      "development": [
        "last 1 chrome version",
        "last 1 firefox version",
        "last 1 safari version"
      ]
    },
    "dependencies": {
      "@terra-money/terra.js": "^3.0.2",
      "@terra-money/wallet-provider": "^3.6.5",
      "bootstrap": "^5.1.3",
      "react": "^17.0.2",
      "react-dom": "^17.0.2",
      "react-router-dom": "^5.3.0",
      "reactstrap": "^9.0.1",
      "styled-components": "^5.3.3"
    },
    "devDependencies": {
      "@testing-library/jest-dom": "^5.15.0",
      "@types/jest": "^27.0.2",
      "@types/react": "^17.0.34",
      "@types/react-dom": "^17.0.11",
      "@types/react-router-dom": "^5.3.2",
      "buffer": "^6.0.3",
      "cross-env": "^7.0.3",
      "crypto-browserify": "^3.12.0",
      "lint-staged": "^11.2.6",
      "process": "^0.11.10",
      "react-app-rewired": "^2.1.11",
      "react-scripts": "5.0.0",
      "stream-browserify": "^3.0.0",
      "typescript": "^4.4.4"
    }
  }

yarn manifest: 
  No manifest

Lockfile: 
  No lockfile
